12:11:29.225 [Thread-4] INFO  emulator - ID=15001
12:11:29.225 [Thread-4] INFO  emulator - 	0: set v1(0) 12
12:11:29.225 [Thread-4] INFO  emulator - 	1: set v2(0) 19
12:11:29.225 [Thread-4] INFO  emulator - 	2: set v11(0) v1(12)
12:11:29.225 [Thread-4] INFO  emulator - 	3: set v12(0) v2(19)
12:11:29.225 [Thread-4] INFO  emulator - 	4: cmp v11(12) v12(19)
12:11:29.225 [Thread-4] INFO  emulator - 	5: jb 50
12:11:29.225 [Thread-4] INFO  emulator - 	9: set v0(0) v11(12)
12:11:29.225 [Thread-4] INFO  emulator - 	10: set v3(0) v12(19)
12:11:29.225 [Thread-4] INFO  emulator - 	11: set v4(0) v0(12)
12:11:29.225 [Thread-4] INFO  emulator - 	12: set v5(0) v3(19)
12:11:29.225 [Thread-4] INFO  emulator - 	13: set v3(19) 0
12:11:29.225 [Thread-4] INFO  emulator - 	14: cmp v4(12) 0
12:11:29.241 [Thread-4] INFO  emulator - 	15: je 106
12:11:29.241 [Thread-4] INFO  emulator - 	16: sub v4(12) 1
12:11:29.241 [Thread-4] INFO  emulator - 	17: add v3(0) v5(19)
12:11:29.241 [Thread-4] INFO  emulator - 	18: jmp 80
12:11:29.241 [Thread-4] INFO  emulator - 	14: cmp v4(11) 0
12:11:29.241 [Thread-4] INFO  emulator - 	15: je 106
12:11:29.241 [Thread-4] INFO  emulator - 	16: sub v4(11) 1
12:11:29.241 [Thread-4] INFO  emulator - 	17: add v3(19) v5(19)
12:11:29.241 [Thread-4] INFO  emulator - 	18: jmp 80
12:11:29.241 [Thread-4] INFO  emulator - 	14: cmp v4(10) 0
12:11:29.241 [Thread-4] INFO  emulator - 	15: je 106
12:11:29.241 [Thread-4] INFO  emulator - 	16: sub v4(10) 1
12:11:29.241 [Thread-4] INFO  emulator - 	17: add v3(38) v5(19)
12:11:29.241 [Thread-4] INFO  emulator - 	18: jmp 80
12:11:29.241 [Thread-4] INFO  emulator - 	14: cmp v4(9) 0
12:11:29.241 [Thread-4] INFO  emulator - 	15: je 106
12:11:29.241 [Thread-4] INFO  emulator - 	16: sub v4(9) 1
12:11:29.241 [Thread-4] INFO  emulator - 	17: add v3(57) v5(19)
12:11:29.241 [Thread-4] INFO  emulator - 	18: jmp 80
12:11:29.241 [Thread-4] INFO  emulator - 	14: cmp v4(8) 0
12:11:29.241 [Thread-4] INFO  emulator - 	15: je 106
12:11:29.241 [Thread-4] INFO  emulator - 	16: sub v4(8) 1
12:11:29.241 [Thread-4] INFO  emulator - 	17: add v3(76) v5(19)
12:11:29.241 [Thread-4] INFO  emulator - 	18: jmp 80
12:11:29.241 [Thread-4] INFO  emulator - 	14: cmp v4(7) 0
12:11:29.241 [Thread-4] INFO  emulator - 	15: je 106
12:11:29.241 [Thread-4] INFO  emulator - 	16: sub v4(7) 1
12:11:29.241 [Thread-4] INFO  emulator - 	17: add v3(95) v5(19)
12:11:29.241 [Thread-4] INFO  emulator - 	18: jmp 80
12:11:29.241 [Thread-4] INFO  emulator - 	14: cmp v4(6) 0
12:11:29.241 [Thread-4] INFO  emulator - 	15: je 106
12:11:29.241 [Thread-4] INFO  emulator - 	16: sub v4(6) 1
12:11:29.241 [Thread-4] INFO  emulator - 	17: add v3(114) v5(19)
12:11:29.241 [Thread-4] INFO  emulator - 	18: jmp 80
12:11:29.241 [Thread-4] INFO  emulator - 	14: cmp v4(5) 0
12:11:29.241 [Thread-4] INFO  emulator - 	15: je 106
12:11:29.241 [Thread-4] INFO  emulator - 	16: sub v4(5) 1
12:11:29.241 [Thread-4] INFO  emulator - 	17: add v3(133) v5(19)
12:11:29.241 [Thread-4] INFO  emulator - 	18: jmp 80
12:11:29.241 [Thread-4] INFO  emulator - 	14: cmp v4(4) 0
12:11:29.241 [Thread-4] INFO  emulator - 	15: je 106
12:11:29.241 [Thread-4] INFO  emulator - 	16: sub v4(4) 1
12:11:29.241 [Thread-4] INFO  emulator - 	17: add v3(152) v5(19)
12:11:29.241 [Thread-4] INFO  emulator - 	18: jmp 80
12:11:29.241 [Thread-4] INFO  emulator - 	14: cmp v4(3) 0
12:11:29.241 [Thread-4] INFO  emulator - 	15: je 106
12:11:29.241 [Thread-4] INFO  emulator - 	16: sub v4(3) 1
12:11:29.241 [Thread-4] INFO  emulator - 	17: add v3(171) v5(19)
12:11:29.241 [Thread-4] INFO  emulator - 	18: jmp 80
12:11:29.241 [Thread-4] INFO  emulator - 	14: cmp v4(2) 0
12:11:29.241 [Thread-4] INFO  emulator - 	15: je 106
12:11:29.241 [Thread-4] INFO  emulator - 	16: sub v4(2) 1
12:11:29.241 [Thread-4] INFO  emulator - 	17: add v3(190) v5(19)
12:11:29.241 [Thread-4] INFO  emulator - 	18: jmp 80
12:11:29.241 [Thread-4] INFO  emulator - 	14: cmp v4(1) 0
12:11:29.241 [Thread-4] INFO  emulator - 	15: je 106
12:11:29.241 [Thread-4] INFO  emulator - 	16: sub v4(1) 1
12:11:29.241 [Thread-4] INFO  emulator - 	17: add v3(209) v5(19)
12:11:29.241 [Thread-4] INFO  emulator - 	18: jmp 80
12:11:29.241 [Thread-4] INFO  emulator - 	14: cmp v4(0) 0
12:11:29.241 [Thread-4] INFO  emulator - 	15: je 106
12:11:29.241 [Thread-4] INFO  emulator - 	19: set v11(12) v3(228)
12:11:29.241 [Thread-4] INFO  emulator - 	20: set v21(0) v1(12)
12:11:29.241 [Thread-4] INFO  emulator - 	21: set v22(0) v2(19)
12:11:29.241 [Thread-4] INFO  emulator - 	22: cmp v22(19) v21(12)
12:11:29.241 [Thread-4] INFO  emulator - 	23: jb 150
12:11:29.241 [Thread-4] INFO  emulator - 	24: set v0(12) v21(12)
12:11:29.241 [Thread-4] INFO  emulator - 	25: set v3(228) v22(19)
12:11:29.241 [Thread-4] INFO  emulator - 	26: jmp 162
12:11:29.241 [Thread-4] INFO  emulator - 	29: set v4(0) v0(12)
12:11:29.241 [Thread-4] INFO  emulator - 	30: set v5(19) v3(19)
12:11:29.241 [Thread-4] INFO  emulator - 	31: set v3(19) 0
12:11:29.241 [Thread-4] INFO  emulator - 	32: cmp v4(12) 0
12:11:29.241 [Thread-4] INFO  emulator - 	33: je 206
12:11:29.241 [Thread-4] INFO  emulator - 	34: sub v4(12) 1
12:11:29.241 [Thread-4] INFO  emulator - 	35: add v3(0) v5(19)
12:11:29.241 [Thread-4] INFO  emulator - 	36: jmp 180
12:11:29.241 [Thread-4] INFO  emulator - 	32: cmp v4(11) 0
12:11:29.241 [Thread-4] INFO  emulator - 	33: je 206
12:11:29.241 [Thread-4] INFO  emulator - 	34: sub v4(11) 1
12:11:29.241 [Thread-4] INFO  emulator - 	35: add v3(19) v5(19)
12:11:29.241 [Thread-4] INFO  emulator - 	36: jmp 180
12:11:29.241 [Thread-4] INFO  emulator - 	32: cmp v4(10) 0
12:11:29.241 [Thread-4] INFO  emulator - 	33: je 206
12:11:29.241 [Thread-4] INFO  emulator - 	34: sub v4(10) 1
12:11:29.241 [Thread-4] INFO  emulator - 	35: add v3(38) v5(19)
12:11:29.241 [Thread-4] INFO  emulator - 	36: jmp 180
12:11:29.241 [Thread-4] INFO  emulator - 	32: cmp v4(9) 0
12:11:29.241 [Thread-4] INFO  emulator - 	33: je 206
12:11:29.241 [Thread-4] INFO  emulator - 	34: sub v4(9) 1
12:11:29.241 [Thread-4] INFO  emulator - 	35: add v3(57) v5(19)
12:11:29.241 [Thread-4] INFO  emulator - 	36: jmp 180
12:11:29.241 [Thread-4] INFO  emulator - 	32: cmp v4(8) 0
12:11:29.241 [Thread-4] INFO  emulator - 	33: je 206
12:11:29.241 [Thread-4] INFO  emulator - 	34: sub v4(8) 1
12:11:29.241 [Thread-4] INFO  emulator - 	35: add v3(76) v5(19)
12:11:29.241 [Thread-4] INFO  emulator - 	36: jmp 180
12:11:29.241 [Thread-4] INFO  emulator - 	32: cmp v4(7) 0
12:11:29.241 [Thread-4] INFO  emulator - 	33: je 206
12:11:29.241 [Thread-4] INFO  emulator - 	34: sub v4(7) 1
12:11:29.241 [Thread-4] INFO  emulator - 	35: add v3(95) v5(19)
12:11:29.241 [Thread-4] INFO  emulator - 	36: jmp 180
12:11:29.241 [Thread-4] INFO  emulator - 	32: cmp v4(6) 0
12:11:29.241 [Thread-4] INFO  emulator - 	33: je 206
12:11:29.241 [Thread-4] INFO  emulator - 	34: sub v4(6) 1
12:11:29.241 [Thread-4] INFO  emulator - 	35: add v3(114) v5(19)
12:11:29.241 [Thread-4] INFO  emulator - 	36: jmp 180
12:11:29.241 [Thread-4] INFO  emulator - 	32: cmp v4(5) 0
12:11:29.241 [Thread-4] INFO  emulator - 	33: je 206
12:11:29.241 [Thread-4] INFO  emulator - 	34: sub v4(5) 1
12:11:29.241 [Thread-4] INFO  emulator - 	35: add v3(133) v5(19)
12:11:29.241 [Thread-4] INFO  emulator - 	36: jmp 180
12:11:29.241 [Thread-4] INFO  emulator - 	32: cmp v4(4) 0
12:11:29.241 [Thread-4] INFO  emulator - 	33: je 206
12:11:29.241 [Thread-4] INFO  emulator - 	34: sub v4(4) 1
12:11:29.241 [Thread-4] INFO  emulator - 	35: add v3(152) v5(19)
12:11:29.241 [Thread-4] INFO  emulator - 	36: jmp 180
12:11:29.241 [Thread-4] INFO  emulator - 	32: cmp v4(3) 0
12:11:29.241 [Thread-4] INFO  emulator - 	33: je 206
12:11:29.241 [Thread-4] INFO  emulator - 	34: sub v4(3) 1
12:11:29.241 [Thread-4] INFO  emulator - 	35: add v3(171) v5(19)
12:11:29.241 [Thread-4] INFO  emulator - 	36: jmp 180
12:11:29.241 [Thread-4] INFO  emulator - 	32: cmp v4(2) 0
12:11:29.241 [Thread-4] INFO  emulator - 	33: je 206
12:11:29.241 [Thread-4] INFO  emulator - 	34: sub v4(2) 1
12:11:29.241 [Thread-4] INFO  emulator - 	35: add v3(190) v5(19)
12:11:29.256 [Thread-4] INFO  emulator - 	36: jmp 180
12:11:29.256 [Thread-4] INFO  emulator - 	32: cmp v4(1) 0
12:11:29.256 [Thread-4] INFO  emulator - 	33: je 206
12:11:29.256 [Thread-4] INFO  emulator - 	34: sub v4(1) 1
12:11:29.256 [Thread-4] INFO  emulator - 	35: add v3(209) v5(19)
12:11:29.256 [Thread-4] INFO  emulator - 	36: jmp 180
12:11:29.256 [Thread-4] INFO  emulator - 	32: cmp v4(0) 0
12:11:29.256 [Thread-4] INFO  emulator - 	33: je 206
12:11:29.256 [Thread-4] INFO  emulator - 	37: set v22(19) v3(228)
12:11:29.256 [Thread-4] INFO  emulator - 	38: end
